Arguments: 
  C:\Program Files\nodejs\node.exe C:\Program Files (x86)\Yarn\bin\yarn.js add -D @types/mpde typescript

PATH: 
  C:\Program Files\Git\mingw64\bin;C:\Program Files\Git\usr\bin;C:\Users\uzias\bin;C:\Program Files\Java\jdk-14.0.1\bin;C:\WINDOWS\system32;C:\WINDOWS;C:\WINDOWS\System32\Wbem;C:\WINDOWS\System32\WindowsPowerShell\v1.0;C:\Program Files\Intel\WiFi\bin;C:\Program Files\Common Files\Intel\WirelessCommon;C:\Program Files\Microsoft SQL Server\120\DTS\Binn;C:\Program Files\Microsoft SQL Server\Client SDK\ODBC\110\Tools\Binn;C:\Program Files (x86)\Microsoft SQL Server\120\Tools\Binn;C:\Program Files\Microsoft SQL Server\120\Tools\Binn;C:\Program Files (x86)\Microsoft SQL Server\120\Tools\Binn\ManagementStudio;C:\Program Files (x86)\Microsoft SQL Server\120\DTS\Binn;C:\Program Files (x86)\Common Files\Adobe\AGL;C:\WINDOWS\System32\OpenSSH;C:\Program Files\Microsoft VS Code\bin;C:\Program Files\PuTTY;C:\Program Files\Git\cmd;C:\Program Files\PostgreSQL\11\bin;C:\Program Files\PostgreSQL\11\lib;C:\Program Files\IBM\SPSS\Statistics\25\JRE\bin;C:\Program Files\nodejs;C:\Program Files (x86)\Yarn\bin;%JAVA_HOME%\bin;C:\Users\uzias\AppData\Local\Programs\Python\Python37-32\Scripts;C:\Users\uzias\AppData\Local\Programs\Python\Python37-32;C:\Users\uzias\AppData\Local\Programs\Python\Python38\Scripts;C:\Users\uzias\AppData\Local\Programs\Python\Python38;C:\Users\uzias\AppData\Local\Microsoft\WindowsApps;C:\Users\uzias\AppData\Local\atom\bin;C:\Users\uzias\AppData\Local\Programs\Microsoft VS Code\bin;C:\Users\uzias\AppData\Local\Google\Cloud SDK\google-cloud-sdk\bin;C:\Program Files\nodejs;C:\Users\uzias\AppData\Roaming\npm;C:\Users\uzias\AppData\Local\Microsoft\WindowsApps;C:\Users\uzias\AppData\Local\Yarn\bin;C:\Users\uzias\AppData\Local\pip\Cache\wheels\6e\e8\db\c73dae4867666e89ba3cfbc4b5c092446f0e584eda6f409cbb;C:\Users\uzias\AppData\Roaming\Python\Python37\Scripts;C:\Program Files\JetBrains\PyCharm 2019.3.3\bin;C:\Program Files\JetBrains\IntelliJ IDEA 2020.1.2\bin

Yarn version: 
  1.17.3

Node version: 
  10.16.0

Platform: 
  win32 x64

Trace: 
  Error: https://registry.yarnpkg.com/@types%2fmpde: Not found
      at Request.params.callback [as _callback] (C:\Program Files (x86)\Yarn\lib\cli.js:65939:18)
      at Request.self.callback (C:\Program Files (x86)\Yarn\lib\cli.js:140464:22)
      at Request.emit (events.js:198:13)
      at Request.<anonymous> (C:\Program Files (x86)\Yarn\lib\cli.js:141436:10)
      at Request.emit (events.js:198:13)
      at IncomingMessage.<anonymous> (C:\Program Files (x86)\Yarn\lib\cli.js:141358:12)
      at Object.onceWrapper (events.js:286:20)
      at IncomingMessage.emit (events.js:203:15)
      at endReadableNT (_stream_readable.js:1129:12)
      at process._tickCallback (internal/process/next_tick.js:63:19)

npm manifest: 
  {
    "name": "reddit-clone",
    "version": "1.0.0",
    "description": "",
    "main": "index.js",
    "scripts": {
      "test": "echo \"Error: no test specified\" && exit 1"
    },
    "keywords": [],
    "author": "",
    "license": "ISC"
  }

yarn manifest: 
  No manifest

Lockfile: 
  No lockfile
